<?xml version="1.0" encoding="UTF-8"?>
<testsuite xmlns:xsi="http://www.w3.org/2001/XMLSchema-instance" xsi:noNamespaceSchemaLocation="https://maven.apache.org/surefire/maven-surefire-plugin/xsd/surefire-test-report.xsd" name="technical.test.ApiTest" time="3.859" tests="2" errors="0" skipped="0" failures="0">
  <properties>
    <property name="gopherProxySet" value="false"/>
    <property name="awt.toolkit" value="sun.lwawt.macosx.LWCToolkit"/>
    <property name="java.specification.version" value="11"/>
    <property name="sun.cpu.isalist" value=""/>
    <property name="sun.jnu.encoding" value="UTF-8"/>
    <property name="java.class.path" value="/Users/marcobosch/Automation Test/kitabisa/target/test-classes:/Users/marcobosch/Automation Test/kitabisa/target/classes:/Users/marcobosch/.m2/repository/org/seleniumhq/selenium/selenium-java/4.0.0-beta-3/selenium-java-4.0.0-beta-3.jar:/Users/marcobosch/.m2/repository/org/seleniumhq/selenium/selenium-api/4.0.0-beta-3/selenium-api-4.0.0-beta-3.jar:/Users/marcobosch/.m2/repository/org/seleniumhq/selenium/selenium-devtools-v85/4.0.0-beta-3/selenium-devtools-v85-4.0.0-beta-3.jar:/Users/marcobosch/.m2/repository/org/seleniumhq/selenium/selenium-devtools-v88/4.0.0-beta-3/selenium-devtools-v88-4.0.0-beta-3.jar:/Users/marcobosch/.m2/repository/org/seleniumhq/selenium/selenium-devtools-v89/4.0.0-beta-3/selenium-devtools-v89-4.0.0-beta-3.jar:/Users/marcobosch/.m2/repository/org/seleniumhq/selenium/selenium-devtools-v90/4.0.0-beta-3/selenium-devtools-v90-4.0.0-beta-3.jar:/Users/marcobosch/.m2/repository/org/seleniumhq/selenium/selenium-devtools-v91/4.0.0-beta-3/selenium-devtools-v91-4.0.0-beta-3.jar:/Users/marcobosch/.m2/repository/org/seleniumhq/selenium/selenium-edge-driver/4.0.0-beta-3/selenium-edge-driver-4.0.0-beta-3.jar:/Users/marcobosch/.m2/repository/org/seleniumhq/selenium/selenium-firefox-driver/4.0.0-beta-3/selenium-firefox-driver-4.0.0-beta-3.jar:/Users/marcobosch/.m2/repository/org/seleniumhq/selenium/selenium-firefox-xpi-driver/4.0.0-beta-3/selenium-firefox-xpi-driver-4.0.0-beta-3.jar:/Users/marcobosch/.m2/repository/org/seleniumhq/selenium/selenium-ie-driver/4.0.0-beta-3/selenium-ie-driver-4.0.0-beta-3.jar:/Users/marcobosch/.m2/repository/org/seleniumhq/selenium/selenium-opera-driver/4.0.0-beta-3/selenium-opera-driver-4.0.0-beta-3.jar:/Users/marcobosch/.m2/repository/org/seleniumhq/selenium/selenium-remote-driver/4.0.0-beta-3/selenium-remote-driver-4.0.0-beta-3.jar:/Users/marcobosch/.m2/repository/io/netty/netty-buffer/4.1.58.Final/netty-buffer-4.1.58.Final.jar:/Users/marcobosch/.m2/repository/io/netty/netty-codec-http/4.1.58.Final/netty-codec-http-4.1.58.Final.jar:/Users/marcobosch/.m2/repository/io/netty/netty-codec/4.1.58.Final/netty-codec-4.1.58.Final.jar:/Users/marcobosch/.m2/repository/io/netty/netty-handler/4.1.58.Final/netty-handler-4.1.58.Final.jar:/Users/marcobosch/.m2/repository/io/netty/netty-common/4.1.58.Final/netty-common-4.1.58.Final.jar:/Users/marcobosch/.m2/repository/io/netty/netty-transport-native-epoll/4.1.58.Final/netty-transport-native-epoll-4.1.58.Final.jar:/Users/marcobosch/.m2/repository/io/netty/netty-transport-native-kqueue/4.1.58.Final/netty-transport-native-kqueue-4.1.58.Final.jar:/Users/marcobosch/.m2/repository/io/netty/netty-transport-native-unix-common/4.1.58.Final/netty-transport-native-unix-common-4.1.58.Final.jar:/Users/marcobosch/.m2/repository/io/netty/netty-transport/4.1.58.Final/netty-transport-4.1.58.Final.jar:/Users/marcobosch/.m2/repository/io/netty/netty-resolver/4.1.58.Final/netty-resolver-4.1.58.Final.jar:/Users/marcobosch/.m2/repository/io/opentelemetry/opentelemetry-api/1.0.0/opentelemetry-api-1.0.0.jar:/Users/marcobosch/.m2/repository/io/opentelemetry/opentelemetry-context/1.0.0/opentelemetry-context-1.0.0.jar:/Users/marcobosch/.m2/repository/io/opentelemetry/opentelemetry-exporter-logging/1.0.0/opentelemetry-exporter-logging-1.0.0.jar:/Users/marcobosch/.m2/repository/io/opentelemetry/opentelemetry-sdk-metrics/1.0.0-alpha/opentelemetry-sdk-metrics-1.0.0-alpha.jar:/Users/marcobosch/.m2/repository/io/opentelemetry/opentelemetry-sdk-common/1.0.0/opentelemetry-sdk-common-1.0.0.jar:/Users/marcobosch/.m2/repository/io/opentelemetry/opentelemetry-sdk-extension-autoconfigure/1.0.0-alpha/opentelemetry-sdk-extension-autoconfigure-1.0.0-alpha.jar:/Users/marcobosch/.m2/repository/io/opentelemetry/opentelemetry-sdk-trace/1.0.0/opentelemetry-sdk-trace-1.0.0.jar:/Users/marcobosch/.m2/repository/io/opentelemetry/opentelemetry-api-metrics/1.0.0-alpha/opentelemetry-api-metrics-1.0.0-alpha.jar:/Users/marcobosch/.m2/repository/io/opentelemetry/opentelemetry-sdk/1.0.0/opentelemetry-sdk-1.0.0.jar:/Users/marcobosch/.m2/repository/io/opentelemetry/opentelemetry-semconv/1.0.0-alpha/opentelemetry-semconv-1.0.0-alpha.jar:/Users/marcobosch/.m2/repository/net/bytebuddy/byte-buddy/1.10.19/byte-buddy-1.10.19.jar:/Users/marcobosch/.m2/repository/org/apache/commons/commons-exec/1.3/commons-exec-1.3.jar:/Users/marcobosch/.m2/repository/org/asynchttpclient/async-http-client/2.12.2/async-http-client-2.12.2.jar:/Users/marcobosch/.m2/repository/org/asynchttpclient/async-http-client-netty-utils/2.12.2/async-http-client-netty-utils-2.12.2.jar:/Users/marcobosch/.m2/repository/io/netty/netty-codec-socks/4.1.53.Final/netty-codec-socks-4.1.53.Final.jar:/Users/marcobosch/.m2/repository/io/netty/netty-handler-proxy/4.1.53.Final/netty-handler-proxy-4.1.53.Final.jar:/Users/marcobosch/.m2/repository/io/netty/netty-transport-native-epoll/4.1.53.Final/netty-transport-native-epoll-4.1.53.Final-linux-x86_64.jar:/Users/marcobosch/.m2/repository/io/netty/netty-transport-native-kqueue/4.1.53.Final/netty-transport-native-kqueue-4.1.53.Final-osx-x86_64.jar:/Users/marcobosch/.m2/repository/org/reactivestreams/reactive-streams/1.0.3/reactive-streams-1.0.3.jar:/Users/marcobosch/.m2/repository/com/typesafe/netty/netty-reactive-streams/2.0.4/netty-reactive-streams-2.0.4.jar:/Users/marcobosch/.m2/repository/com/sun/activation/jakarta.activation/1.2.2/jakarta.activation-1.2.2.jar:/Users/marcobosch/.m2/repository/org/seleniumhq/selenium/selenium-safari-driver/4.0.0-beta-3/selenium-safari-driver-4.0.0-beta-3.jar:/Users/marcobosch/.m2/repository/org/seleniumhq/selenium/selenium-support/4.0.0-beta-3/selenium-support-4.0.0-beta-3.jar:/Users/marcobosch/.m2/repository/org/seleniumhq/selenium/selenium-chrome-driver/4.0.0-beta-3/selenium-chrome-driver-4.0.0-beta-3.jar:/Users/marcobosch/.m2/repository/com/google/auto/service/auto-service-annotations/1.0-rc7/auto-service-annotations-1.0-rc7.jar:/Users/marcobosch/.m2/repository/com/google/auto/service/auto-service/1.0-rc7/auto-service-1.0-rc7.jar:/Users/marcobosch/.m2/repository/com/google/auto/auto-common/0.10/auto-common-0.10.jar:/Users/marcobosch/.m2/repository/com/google/guava/guava/30.1-jre/guava-30.1-jre.jar:/Users/marcobosch/.m2/repository/com/google/guava/failureaccess/1.0.1/failureaccess-1.0.1.jar:/Users/marcobosch/.m2/repository/com/google/guava/listenablefuture/9999.0-empty-to-avoid-conflict-with-guava/listenablefuture-9999.0-empty-to-avoid-conflict-with-guava.jar:/Users/marcobosch/.m2/repository/com/google/code/findbugs/jsr305/3.0.2/jsr305-3.0.2.jar:/Users/marcobosch/.m2/repository/org/checkerframework/checker-qual/3.5.0/checker-qual-3.5.0.jar:/Users/marcobosch/.m2/repository/com/google/errorprone/error_prone_annotations/2.3.4/error_prone_annotations-2.3.4.jar:/Users/marcobosch/.m2/repository/com/google/j2objc/j2objc-annotations/1.3/j2objc-annotations-1.3.jar:/Users/marcobosch/.m2/repository/org/seleniumhq/selenium/selenium-chromium-driver/4.0.0-beta-3/selenium-chromium-driver-4.0.0-beta-3.jar:/Users/marcobosch/.m2/repository/org/seleniumhq/selenium/selenium-devtools/4.0.0-beta-3/selenium-devtools-4.0.0-beta-3.jar:/Users/marcobosch/.m2/repository/org/seleniumhq/selenium/selenium-http/4.0.0-beta-3/selenium-http-4.0.0-beta-3.jar:/Users/marcobosch/.m2/repository/org/seleniumhq/selenium/selenium-json/4.0.0-beta-3/selenium-json-4.0.0-beta-3.jar:/Users/marcobosch/.m2/repository/io/github/bonigarcia/webdrivermanager/4.4.3/webdrivermanager-4.4.3.jar:/Users/marcobosch/.m2/repository/org/slf4j/slf4j-api/1.7.30/slf4j-api-1.7.30.jar:/Users/marcobosch/.m2/repository/commons-io/commons-io/2.8.0/commons-io-2.8.0.jar:/Users/marcobosch/.m2/repository/org/apache/commons/commons-lang3/3.12.0/commons-lang3-3.12.0.jar:/Users/marcobosch/.m2/repository/org/apache/httpcomponents/client5/httpclient5/5.0.3/httpclient5-5.0.3.jar:/Users/marcobosch/.m2/repository/org/apache/httpcomponents/core5/httpcore5/5.0.2/httpcore5-5.0.2.jar:/Users/marcobosch/.m2/repository/org/apache/httpcomponents/core5/httpcore5-h2/5.0.2/httpcore5-h2-5.0.2.jar:/Users/marcobosch/.m2/repository/commons-codec/commons-codec/1.13/commons-codec-1.13.jar:/Users/marcobosch/.m2/repository/org/rauschig/jarchivelib/1.1.0/jarchivelib-1.1.0.jar:/Users/marcobosch/.m2/repository/org/apache/commons/commons-compress/1.20/commons-compress-1.20.jar:/Users/marcobosch/.m2/repository/org/jsoup/jsoup/1.13.1/jsoup-1.13.1.jar:/Users/marcobosch/.m2/repository/org/testng/testng/6.14.3/testng-6.14.3.jar:/Users/marcobosch/.m2/repository/com/beust/jcommander/1.72/jcommander-1.72.jar:/Users/marcobosch/.m2/repository/org/apache-extras/beanshell/bsh/2.0b6/bsh-2.0b6.jar:/Users/marcobosch/.m2/repository/io/rest-assured/rest-assured/4.4.0/rest-assured-4.4.0.jar:/Users/marcobosch/.m2/repository/org/codehaus/groovy/groovy/3.0.8/groovy-3.0.8.jar:/Users/marcobosch/.m2/repository/org/codehaus/groovy/groovy-xml/3.0.8/groovy-xml-3.0.8.jar:/Users/marcobosch/.m2/repository/org/apache/httpcomponents/httpclient/4.5.13/httpclient-4.5.13.jar:/Users/marcobosch/.m2/repository/org/apache/httpcomponents/httpcore/4.4.13/httpcore-4.4.13.jar:/Users/marcobosch/.m2/repository/commons-logging/commons-logging/1.2/commons-logging-1.2.jar:/Users/marcobosch/.m2/repository/org/apache/httpcomponents/httpmime/4.5.13/httpmime-4.5.13.jar:/Users/marcobosch/.m2/repository/org/hamcrest/hamcrest/2.1/hamcrest-2.1.jar:/Users/marcobosch/.m2/repository/org/ccil/cowan/tagsoup/tagsoup/1.2.1/tagsoup-1.2.1.jar:/Users/marcobosch/.m2/repository/io/rest-assured/json-path/4.4.0/json-path-4.4.0.jar:/Users/marcobosch/.m2/repository/org/codehaus/groovy/groovy-json/3.0.8/groovy-json-3.0.8.jar:/Users/marcobosch/.m2/repository/io/rest-assured/rest-assured-common/4.4.0/rest-assured-common-4.4.0.jar:/Users/marcobosch/.m2/repository/io/rest-assured/xml-path/4.4.0/xml-path-4.4.0.jar:/Users/marcobosch/.m2/repository/jakarta/xml/bind/jakarta.xml.bind-api/2.3.3/jakarta.xml.bind-api-2.3.3.jar:/Users/marcobosch/.m2/repository/jakarta/activation/jakarta.activation-api/1.2.2/jakarta.activation-api-1.2.2.jar:/Users/marcobosch/.m2/repository/com/sun/xml/bind/jaxb-impl/2.3.3/jaxb-impl-2.3.3.jar:/Users/marcobosch/.m2/repository/com/google/code/gson/gson/2.8.9/gson-2.8.9.jar:/Users/marcobosch/.m2/repository/org/json/json/20190722/json-20190722.jar:/Users/marcobosch/.m2/repository/junit/junit/4.11/junit-4.11.jar:/Users/marcobosch/.m2/repository/org/hamcrest/hamcrest-core/1.3/hamcrest-core-1.3.jar:"/>
    <property name="java.vm.vendor" value="Eclipse Foundation"/>
    <property name="sun.arch.data.model" value="64"/>
    <property name="java.vendor.url" value="https://adoptium.net/"/>
    <property name="user.timezone" value=""/>
    <property name="java.vm.specification.version" value="11"/>
    <property name="os.name" value="Mac OS X"/>
    <property name="sun.java.launcher" value="SUN_STANDARD"/>
    <property name="user.country" value="GB"/>
    <property name="sun.boot.library.path" value="/Library/Java/JavaVirtualMachines/temurin-11.jdk/Contents/Home/lib"/>
    <property name="sun.java.command" value="/Users/marcobosch/Automation Test/kitabisa/target/surefire/surefirebooter14409498914006565357.jar /Users/marcobosch/Automation Test/kitabisa/target/surefire 2021-11-21T19-49-11_528-jvmRun1 surefire12387671867418285249tmp surefire_01218944368312311412tmp"/>
    <property name="http.nonProxyHosts" value="local|*.local|169.254/16|*.169.254/16"/>
    <property name="jdk.debug" value="release"/>
    <property name="surefire.test.class.path" value="/Users/marcobosch/Automation Test/kitabisa/target/test-classes:/Users/marcobosch/Automation Test/kitabisa/target/classes:/Users/marcobosch/.m2/repository/org/seleniumhq/selenium/selenium-java/4.0.0-beta-3/selenium-java-4.0.0-beta-3.jar:/Users/marcobosch/.m2/repository/org/seleniumhq/selenium/selenium-api/4.0.0-beta-3/selenium-api-4.0.0-beta-3.jar:/Users/marcobosch/.m2/repository/org/seleniumhq/selenium/selenium-devtools-v85/4.0.0-beta-3/selenium-devtools-v85-4.0.0-beta-3.jar:/Users/marcobosch/.m2/repository/org/seleniumhq/selenium/selenium-devtools-v88/4.0.0-beta-3/selenium-devtools-v88-4.0.0-beta-3.jar:/Users/marcobosch/.m2/repository/org/seleniumhq/selenium/selenium-devtools-v89/4.0.0-beta-3/selenium-devtools-v89-4.0.0-beta-3.jar:/Users/marcobosch/.m2/repository/org/seleniumhq/selenium/selenium-devtools-v90/4.0.0-beta-3/selenium-devtools-v90-4.0.0-beta-3.jar:/Users/marcobosch/.m2/repository/org/seleniumhq/selenium/selenium-devtools-v91/4.0.0-beta-3/selenium-devtools-v91-4.0.0-beta-3.jar:/Users/marcobosch/.m2/repository/org/seleniumhq/selenium/selenium-edge-driver/4.0.0-beta-3/selenium-edge-driver-4.0.0-beta-3.jar:/Users/marcobosch/.m2/repository/org/seleniumhq/selenium/selenium-firefox-driver/4.0.0-beta-3/selenium-firefox-driver-4.0.0-beta-3.jar:/Users/marcobosch/.m2/repository/org/seleniumhq/selenium/selenium-firefox-xpi-driver/4.0.0-beta-3/selenium-firefox-xpi-driver-4.0.0-beta-3.jar:/Users/marcobosch/.m2/repository/org/seleniumhq/selenium/selenium-ie-driver/4.0.0-beta-3/selenium-ie-driver-4.0.0-beta-3.jar:/Users/marcobosch/.m2/repository/org/seleniumhq/selenium/selenium-opera-driver/4.0.0-beta-3/selenium-opera-driver-4.0.0-beta-3.jar:/Users/marcobosch/.m2/repository/org/seleniumhq/selenium/selenium-remote-driver/4.0.0-beta-3/selenium-remote-driver-4.0.0-beta-3.jar:/Users/marcobosch/.m2/repository/io/netty/netty-buffer/4.1.58.Final/netty-buffer-4.1.58.Final.jar:/Users/marcobosch/.m2/repository/io/netty/netty-codec-http/4.1.58.Final/netty-codec-http-4.1.58.Final.jar:/Users/marcobosch/.m2/repository/io/netty/netty-codec/4.1.58.Final/netty-codec-4.1.58.Final.jar:/Users/marcobosch/.m2/repository/io/netty/netty-handler/4.1.58.Final/netty-handler-4.1.58.Final.jar:/Users/marcobosch/.m2/repository/io/netty/netty-common/4.1.58.Final/netty-common-4.1.58.Final.jar:/Users/marcobosch/.m2/repository/io/netty/netty-transport-native-epoll/4.1.58.Final/netty-transport-native-epoll-4.1.58.Final.jar:/Users/marcobosch/.m2/repository/io/netty/netty-transport-native-kqueue/4.1.58.Final/netty-transport-native-kqueue-4.1.58.Final.jar:/Users/marcobosch/.m2/repository/io/netty/netty-transport-native-unix-common/4.1.58.Final/netty-transport-native-unix-common-4.1.58.Final.jar:/Users/marcobosch/.m2/repository/io/netty/netty-transport/4.1.58.Final/netty-transport-4.1.58.Final.jar:/Users/marcobosch/.m2/repository/io/netty/netty-resolver/4.1.58.Final/netty-resolver-4.1.58.Final.jar:/Users/marcobosch/.m2/repository/io/opentelemetry/opentelemetry-api/1.0.0/opentelemetry-api-1.0.0.jar:/Users/marcobosch/.m2/repository/io/opentelemetry/opentelemetry-context/1.0.0/opentelemetry-context-1.0.0.jar:/Users/marcobosch/.m2/repository/io/opentelemetry/opentelemetry-exporter-logging/1.0.0/opentelemetry-exporter-logging-1.0.0.jar:/Users/marcobosch/.m2/repository/io/opentelemetry/opentelemetry-sdk-metrics/1.0.0-alpha/opentelemetry-sdk-metrics-1.0.0-alpha.jar:/Users/marcobosch/.m2/repository/io/opentelemetry/opentelemetry-sdk-common/1.0.0/opentelemetry-sdk-common-1.0.0.jar:/Users/marcobosch/.m2/repository/io/opentelemetry/opentelemetry-sdk-extension-autoconfigure/1.0.0-alpha/opentelemetry-sdk-extension-autoconfigure-1.0.0-alpha.jar:/Users/marcobosch/.m2/repository/io/opentelemetry/opentelemetry-sdk-trace/1.0.0/opentelemetry-sdk-trace-1.0.0.jar:/Users/marcobosch/.m2/repository/io/opentelemetry/opentelemetry-api-metrics/1.0.0-alpha/opentelemetry-api-metrics-1.0.0-alpha.jar:/Users/marcobosch/.m2/repository/io/opentelemetry/opentelemetry-sdk/1.0.0/opentelemetry-sdk-1.0.0.jar:/Users/marcobosch/.m2/repository/io/opentelemetry/opentelemetry-semconv/1.0.0-alpha/opentelemetry-semconv-1.0.0-alpha.jar:/Users/marcobosch/.m2/repository/net/bytebuddy/byte-buddy/1.10.19/byte-buddy-1.10.19.jar:/Users/marcobosch/.m2/repository/org/apache/commons/commons-exec/1.3/commons-exec-1.3.jar:/Users/marcobosch/.m2/repository/org/asynchttpclient/async-http-client/2.12.2/async-http-client-2.12.2.jar:/Users/marcobosch/.m2/repository/org/asynchttpclient/async-http-client-netty-utils/2.12.2/async-http-client-netty-utils-2.12.2.jar:/Users/marcobosch/.m2/repository/io/netty/netty-codec-socks/4.1.53.Final/netty-codec-socks-4.1.53.Final.jar:/Users/marcobosch/.m2/repository/io/netty/netty-handler-proxy/4.1.53.Final/netty-handler-proxy-4.1.53.Final.jar:/Users/marcobosch/.m2/repository/io/netty/netty-transport-native-epoll/4.1.53.Final/netty-transport-native-epoll-4.1.53.Final-linux-x86_64.jar:/Users/marcobosch/.m2/repository/io/netty/netty-transport-native-kqueue/4.1.53.Final/netty-transport-native-kqueue-4.1.53.Final-osx-x86_64.jar:/Users/marcobosch/.m2/repository/org/reactivestreams/reactive-streams/1.0.3/reactive-streams-1.0.3.jar:/Users/marcobosch/.m2/repository/com/typesafe/netty/netty-reactive-streams/2.0.4/netty-reactive-streams-2.0.4.jar:/Users/marcobosch/.m2/repository/com/sun/activation/jakarta.activation/1.2.2/jakarta.activation-1.2.2.jar:/Users/marcobosch/.m2/repository/org/seleniumhq/selenium/selenium-safari-driver/4.0.0-beta-3/selenium-safari-driver-4.0.0-beta-3.jar:/Users/marcobosch/.m2/repository/org/seleniumhq/selenium/selenium-support/4.0.0-beta-3/selenium-support-4.0.0-beta-3.jar:/Users/marcobosch/.m2/repository/org/seleniumhq/selenium/selenium-chrome-driver/4.0.0-beta-3/selenium-chrome-driver-4.0.0-beta-3.jar:/Users/marcobosch/.m2/repository/com/google/auto/service/auto-service-annotations/1.0-rc7/auto-service-annotations-1.0-rc7.jar:/Users/marcobosch/.m2/repository/com/google/auto/service/auto-service/1.0-rc7/auto-service-1.0-rc7.jar:/Users/marcobosch/.m2/repository/com/google/auto/auto-common/0.10/auto-common-0.10.jar:/Users/marcobosch/.m2/repository/com/google/guava/guava/30.1-jre/guava-30.1-jre.jar:/Users/marcobosch/.m2/repository/com/google/guava/failureaccess/1.0.1/failureaccess-1.0.1.jar:/Users/marcobosch/.m2/repository/com/google/guava/listenablefuture/9999.0-empty-to-avoid-conflict-with-guava/listenablefuture-9999.0-empty-to-avoid-conflict-with-guava.jar:/Users/marcobosch/.m2/repository/com/google/code/findbugs/jsr305/3.0.2/jsr305-3.0.2.jar:/Users/marcobosch/.m2/repository/org/checkerframework/checker-qual/3.5.0/checker-qual-3.5.0.jar:/Users/marcobosch/.m2/repository/com/google/errorprone/error_prone_annotations/2.3.4/error_prone_annotations-2.3.4.jar:/Users/marcobosch/.m2/repository/com/google/j2objc/j2objc-annotations/1.3/j2objc-annotations-1.3.jar:/Users/marcobosch/.m2/repository/org/seleniumhq/selenium/selenium-chromium-driver/4.0.0-beta-3/selenium-chromium-driver-4.0.0-beta-3.jar:/Users/marcobosch/.m2/repository/org/seleniumhq/selenium/selenium-devtools/4.0.0-beta-3/selenium-devtools-4.0.0-beta-3.jar:/Users/marcobosch/.m2/repository/org/seleniumhq/selenium/selenium-http/4.0.0-beta-3/selenium-http-4.0.0-beta-3.jar:/Users/marcobosch/.m2/repository/org/seleniumhq/selenium/selenium-json/4.0.0-beta-3/selenium-json-4.0.0-beta-3.jar:/Users/marcobosch/.m2/repository/io/github/bonigarcia/webdrivermanager/4.4.3/webdrivermanager-4.4.3.jar:/Users/marcobosch/.m2/repository/org/slf4j/slf4j-api/1.7.30/slf4j-api-1.7.30.jar:/Users/marcobosch/.m2/repository/commons-io/commons-io/2.8.0/commons-io-2.8.0.jar:/Users/marcobosch/.m2/repository/org/apache/commons/commons-lang3/3.12.0/commons-lang3-3.12.0.jar:/Users/marcobosch/.m2/repository/org/apache/httpcomponents/client5/httpclient5/5.0.3/httpclient5-5.0.3.jar:/Users/marcobosch/.m2/repository/org/apache/httpcomponents/core5/httpcore5/5.0.2/httpcore5-5.0.2.jar:/Users/marcobosch/.m2/repository/org/apache/httpcomponents/core5/httpcore5-h2/5.0.2/httpcore5-h2-5.0.2.jar:/Users/marcobosch/.m2/repository/commons-codec/commons-codec/1.13/commons-codec-1.13.jar:/Users/marcobosch/.m2/repository/org/rauschig/jarchivelib/1.1.0/jarchivelib-1.1.0.jar:/Users/marcobosch/.m2/repository/org/apache/commons/commons-compress/1.20/commons-compress-1.20.jar:/Users/marcobosch/.m2/repository/org/jsoup/jsoup/1.13.1/jsoup-1.13.1.jar:/Users/marcobosch/.m2/repository/org/testng/testng/6.14.3/testng-6.14.3.jar:/Users/marcobosch/.m2/repository/com/beust/jcommander/1.72/jcommander-1.72.jar:/Users/marcobosch/.m2/repository/org/apache-extras/beanshell/bsh/2.0b6/bsh-2.0b6.jar:/Users/marcobosch/.m2/repository/io/rest-assured/rest-assured/4.4.0/rest-assured-4.4.0.jar:/Users/marcobosch/.m2/repository/org/codehaus/groovy/groovy/3.0.8/groovy-3.0.8.jar:/Users/marcobosch/.m2/repository/org/codehaus/groovy/groovy-xml/3.0.8/groovy-xml-3.0.8.jar:/Users/marcobosch/.m2/repository/org/apache/httpcomponents/httpclient/4.5.13/httpclient-4.5.13.jar:/Users/marcobosch/.m2/repository/org/apache/httpcomponents/httpcore/4.4.13/httpcore-4.4.13.jar:/Users/marcobosch/.m2/repository/commons-logging/commons-logging/1.2/commons-logging-1.2.jar:/Users/marcobosch/.m2/repository/org/apache/httpcomponents/httpmime/4.5.13/httpmime-4.5.13.jar:/Users/marcobosch/.m2/repository/org/hamcrest/hamcrest/2.1/hamcrest-2.1.jar:/Users/marcobosch/.m2/repository/org/ccil/cowan/tagsoup/tagsoup/1.2.1/tagsoup-1.2.1.jar:/Users/marcobosch/.m2/repository/io/rest-assured/json-path/4.4.0/json-path-4.4.0.jar:/Users/marcobosch/.m2/repository/org/codehaus/groovy/groovy-json/3.0.8/groovy-json-3.0.8.jar:/Users/marcobosch/.m2/repository/io/rest-assured/rest-assured-common/4.4.0/rest-assured-common-4.4.0.jar:/Users/marcobosch/.m2/repository/io/rest-assured/xml-path/4.4.0/xml-path-4.4.0.jar:/Users/marcobosch/.m2/repository/jakarta/xml/bind/jakarta.xml.bind-api/2.3.3/jakarta.xml.bind-api-2.3.3.jar:/Users/marcobosch/.m2/repository/jakarta/activation/jakarta.activation-api/1.2.2/jakarta.activation-api-1.2.2.jar:/Users/marcobosch/.m2/repository/com/sun/xml/bind/jaxb-impl/2.3.3/jaxb-impl-2.3.3.jar:/Users/marcobosch/.m2/repository/com/google/code/gson/gson/2.8.9/gson-2.8.9.jar:/Users/marcobosch/.m2/repository/org/json/json/20190722/json-20190722.jar:/Users/marcobosch/.m2/repository/junit/junit/4.11/junit-4.11.jar:/Users/marcobosch/.m2/repository/org/hamcrest/hamcrest-core/1.3/hamcrest-core-1.3.jar:"/>
    <property name="sun.cpu.endian" value="little"/>
    <property name="user.home" value="/Users/marcobosch"/>
    <property name="user.language" value="en"/>
    <property name="java.specification.vendor" value="Oracle Corporation"/>
    <property name="java.version.date" value="2021-07-20"/>
    <property name="java.home" value="/Library/Java/JavaVirtualMachines/temurin-11.jdk/Contents/Home"/>
    <property name="file.separator" value="/"/>
    <property name="basedir" value="/Users/marcobosch/Automation Test/kitabisa"/>
    <property name="java.vm.compressedOopsMode" value="Zero based"/>
    <property name="line.separator" value="&#10;"/>
    <property name="java.specification.name" value="Java Platform API Specification"/>
    <property name="java.vm.specification.vendor" value="Oracle Corporation"/>
    <property name="java.awt.graphicsenv" value="sun.awt.CGraphicsEnvironment"/>
    <property name="surefire.real.class.path" value="/Users/marcobosch/Automation Test/kitabisa/target/surefire/surefirebooter14409498914006565357.jar"/>
    <property name="sun.management.compiler" value="HotSpot 64-Bit Tiered Compilers"/>
    <property name="ftp.nonProxyHosts" value="local|*.local|169.254/16|*.169.254/16"/>
    <property name="java.runtime.version" value="11.0.12+7"/>
    <property name="user.name" value="marcobosch"/>
    <property name="path.separator" value=":"/>
    <property name="os.version" value="10.16"/>
    <property name="java.runtime.name" value="OpenJDK Runtime Environment"/>
    <property name="file.encoding" value="UTF-8"/>
    <property name="java.vm.name" value="OpenJDK 64-Bit Server VM"/>
    <property name="java.vendor.version" value="Temurin-11.0.12+7"/>
    <property name="localRepository" value="/Users/marcobosch/.m2/repository"/>
    <property name="java.vendor.url.bug" value="https://github.com/adoptium/adoptium-support/issues"/>
    <property name="java.io.tmpdir" value="/var/folders/yb/g81_g23578g1t7wfckbvsw780000gn/T/"/>
    <property name="java.version" value="11.0.12"/>
    <property name="user.dir" value="/Users/marcobosch/Automation Test/kitabisa"/>
    <property name="os.arch" value="x86_64"/>
    <property name="java.vm.specification.name" value="Java Virtual Machine Specification"/>
    <property name="java.awt.printerjob" value="sun.lwawt.macosx.CPrinterJob"/>
    <property name="sun.os.patch.level" value="unknown"/>
    <property name="java.library.path" value="/Users/marcobosch/Library/Java/Extensions:/Library/Java/Extensions:/Network/Library/Java/Extensions:/System/Library/Java/Extensions:/usr/lib/java:."/>
    <property name="java.vm.info" value="mixed mode"/>
    <property name="java.vendor" value="Eclipse Foundation"/>
    <property name="java.vm.version" value="11.0.12+7"/>
    <property name="sun.io.unicode.encoding" value="UnicodeBig"/>
    <property name="java.class.version" value="55.0"/>
    <property name="socksNonProxyHosts" value="local|*.local|169.254/16|*.169.254/16"/>
  </properties>
  <testcase name="postCreateUser on postCreateUser(technical.test.ApiTest)" classname="technical.test.ApiTest" time="3.17"/>
  <testcase name="getUserList on getUserList(technical.test.ApiTest)" classname="technical.test.ApiTest" time="0.422"/>
</testsuite>