<?xml version="1.0" encoding="UTF-8"?>
<!-- Generated by org.testng.reporters.JUnitReportReporter -->
<testsuite hostname="Marcos-MacBook-Pro.local" failures="0" tests="2" name="technical.test.ApiTest" time="4.505" errors="0" timestamp="28 Nov 2021 16:36:53 GMT" skipped="0">
  <testcase classname="technical.test.ApiTest" name="postCreateUser" time="2.170"/>
  <testcase classname="technical.test.ApiTest" name="getUserList" time="2.335"/>
</testsuite> <!-- technical.test.ApiTest -->
