<?xml version="1.0" encoding="UTF-8"?>
<!-- Generated by org.testng.reporters.JUnitReportReporter -->
<testsuite hostname="ip-192-168-16-239.ap-southeast-1.compute.internal" failures="0" tests="2" name="technical.test.ApiTest" time="6.786" errors="0" timestamp="21 Nov 2021 12:49:15 GMT" skipped="0">
  <testcase classname="technical.test.ApiTest" name="postCreateUser" time="3.190"/>
  <testcase classname="technical.test.ApiTest" name="getUserList" time="3.596"/>
</testsuite> <!-- technical.test.ApiTest -->
